[0 - 7fe51c9ea000]    0.234505 {3}{AlexNet}: batchSize(64) workersPerNodes(1) numNodes(1)
workSpaceSize (1024 MB)
num_nodes = 1 num_gpus_per_node = 4
type(Linear) guid(5000012) idx(0) --> type(Softmax) guid(5000013) idx(0)
type(Input) guid(5000014) idx(0) --> type(Conv) guid(5000001) idx(0)
type(Conv) guid(5000001) idx(0) --> type(Pool) guid(5000002) idx(0)
type(Pool) guid(5000002) idx(0) --> type(Conv) guid(5000003) idx(0)
type(Conv) guid(5000003) idx(0) --> type(Pool) guid(5000004) idx(0)
type(Pool) guid(5000004) idx(0) --> type(Conv) guid(5000005) idx(0)
type(Conv) guid(5000005) idx(0) --> type(Conv) guid(5000006) idx(0)
type(Conv) guid(5000006) idx(0) --> type(Conv) guid(5000007) idx(0)
type(Conv) guid(5000007) idx(0) --> type(Pool) guid(5000008) idx(0)
type(Pool) guid(5000008) idx(0) --> type(Flat) guid(5000009) idx(0)
type(Flat) guid(5000009) idx(0) --> type(Linear) guid(5000010) idx(0)
type(Linear) guid(5000010) idx(0) --> type(Linear) guid(5000011) idx(0)
type(Linear) guid(5000011) idx(0) --> type(Linear) guid(5000012) idx(0)
sink_node Softmax_5000013
output shape: 
input shape: 
type(Linear) guid(5000010) idx(0) --> type(Linear) guid(5000011) idx(0)
type(Flat) guid(5000009) idx(0) --> type(Linear) guid(5000010) idx(0)
type(Linear) guid(5000012) idx(0) --> type(Softmax) guid(5000013) idx(0)
type(Linear) guid(5000011) idx(0) --> type(Linear) guid(5000012) idx(0)
sink_node Softmax_5000013
output shape: 
input shape: 
9216/1,64/1,1/1,
[0 - 7fe51c9d0000]    2.647417 {4}{xfers}: Considering 98 possible xfers
[0 - 7fe51c9d0000]    2.707835 {4}{xfers}: Considering 98 possible xfers
[0 - 7fe51c9d0000]    2.711726 {4}{xfers}: Considering 98 possible xfers
[0 - 7fe51c9d0000]    2.714148 {4}{xfers}: Considering 98 possible xfers
[0 - 7fe51c9d0000]    2.715133 {4}{xfers}: Considering 98 possible xfers
[0 - 7fe51c9d0000]    2.715496 {4}{xfers}: Considering 98 possible xfers
[0 - 7fe51c9d0000]    2.715864 {4}{xfers}: Considering 98 possible xfers
[0 - 7fe51c9d0000]    2.717038 {4}{xfers}: Considering 98 possible xfers
[0 - 7fe51c9d0000]    2.718160 {4}{xfers}: Considering 98 possible xfers
[0 - 7fe51c9d0000]    2.718898 {4}{xfers}: Considering 98 possible xfers
type(Pool) guid(5000008) idx(0) --> type(Flat) guid(5000009) idx(0)
type(Conv) guid(5000007) idx(0) --> type(Pool) guid(5000008) idx(0)
type(Conv) guid(5000006) idx(0) --> type(Conv) guid(5000007) idx(0)
type(Conv) guid(5000005) idx(0) --> type(Conv) guid(5000006) idx(0)
type(Pool) guid(5000004) idx(0) --> type(Conv) guid(5000005) idx(0)
type(Conv) guid(5000003) idx(0) --> type(Pool) guid(5000004) idx(0)
type(Pool) guid(5000002) idx(0) --> type(Conv) guid(5000003) idx(0)
type(Conv) guid(5000001) idx(0) --> type(Pool) guid(5000002) idx(0)
type(Input) guid(5000014) idx(0) --> type(Conv) guid(5000001) idx(0)
sink_node Flat_5000009
output shape: 
9216/1,64/1,1/1,
input shape: 
[0 - 7fe51c9d0000]    3.870515 {4}{xfers}: Considering 98 possible xfers
[0 - 7fe51c9d0000]    4.374038 {4}{xfers}: Considering 98 possible xfers
[0 - 7fe51c9d0000]    4.401752 {4}{xfers}: Considering 98 possible xfers
[0 - 7fe51c9d0000]    4.434662 {4}{xfers}: Considering 98 possible xfers
[0 - 7fe51c9d0000]    4.463905 {4}{xfers}: Considering 98 possible xfers
[0 - 7fe51c9d0000]    4.490611 {4}{xfers}: Considering 98 possible xfers
[0 - 7fe51c9d0000]    4.510326 {4}{xfers}: Considering 98 possible xfers
[0 - 7fe51c9d0000]    4.527221 {4}{xfers}: Considering 98 possible xfers
[0 - 7fe51c9d0000]    4.538956 {4}{xfers}: Considering 98 possible xfers
[0 - 7fe51c9d0000]    4.545896 {4}{xfers}: Considering 98 possible xfers
[0 - 7fe51c9d0000]    4.547318 {4}{xfers}: Considering 98 possible xfers
[0 - 7fe51c9d0000]    4.548554 {4}{xfers}: Considering 98 possible xfers
[0 - 7fe51c9d0000]    4.550663 {4}{xfers}: Considering 98 possible xfers
[0 - 7fe51c9d0000]    4.552761 {4}{xfers}: Considering 98 possible xfers
[0 - 7fe51c9d0000]    4.560007 {4}{xfers}: Considering 98 possible xfers
[0 - 7fe51c9d0000]    4.561931 {4}{xfers}: Considering 98 possible xfers
[0 - 7fe51c9d0000]    4.564802 {4}{xfers}: Considering 98 possible xfers
[0 - 7fe51c9d0000]    4.568299 {4}{xfers}: Considering 98 possible xfers
[0 - 7fe51c9d0000]    4.572319 {4}{xfers}: Considering 98 possible xfers
[0 - 7fe51c9d0000]    4.573578 {4}{xfers}: Considering 98 possible xfers
[0 - 7fe51c9d0000]    4.577267 {4}{xfers}: Considering 98 possible xfers
[0 - 7fe51c9d0000]    4.579355 {4}{xfers}: Considering 98 possible xfers
[0 - 7fe51c9d0000]    4.582864 {4}{xfers}: Considering 98 possible xfers
[0 - 7fe51c9d0000]    4.586256 {4}{xfers}: Considering 98 possible xfers
[0 - 7fe51c9d0000]    4.589381 {4}{xfers}: Considering 98 possible xfers
[0 - 7fe51c9d0000]    4.590691 {4}{xfers}: Considering 98 possible xfers
[0 - 7fe51c9d0000]    4.593053 {4}{xfers}: Considering 98 possible xfers
[0 - 7fe51c9d0000]    4.595380 {4}{xfers}: Considering 98 possible xfers
[0 - 7fe51c9d0000]    4.597629 {4}{xfers}: Considering 98 possible xfers
[0 - 7fe51c9d0000]    4.600467 {4}{xfers}: Considering 98 possible xfers
[0 - 7fe51c9d0000]    4.603134 {4}{xfers}: Considering 98 possible xfers
[0 - 7fe51c9d0000]    4.605467 {4}{xfers}: Considering 98 possible xfers
[0 - 7fe51c9d0000]    4.608755 {4}{xfers}: Considering 98 possible xfers
[0 - 7fe51c9d0000]    4.617741 {4}{xfers}: Considering 98 possible xfers
[0 - 7fe51c9d0000]    4.626085 {4}{xfers}: Considering 98 possible xfers
[0 - 7fe51c9d0000]    4.628009 {4}{xfers}: Considering 98 possible xfers
[0 - 7fe51c9d0000]    4.630105 {4}{xfers}: Considering 98 possible xfers
[0 - 7fe51c9d0000]    4.632736 {4}{xfers}: Considering 98 possible xfers
[0 - 7fe51c9d0000]    4.635787 {4}{xfers}: Considering 98 possible xfers
[0 - 7fe51c9d0000]    4.638678 {4}{xfers}: Considering 98 possible xfers
[0 - 7fe51c9d0000]    4.644790 {4}{xfers}: Considering 98 possible xfers
[0 - 7fe51c9d0000]    4.647807 {4}{xfers}: Considering 98 possible xfers
type(Linear) guid(5000010) idx(0) --> type(Linear) guid(5000011) idx(0)
type(Flat) guid(5000009) idx(0) --> type(Linear) guid(5000010) idx(0)
type(Linear) guid(5000012) idx(0) --> type(Softmax) guid(5000013) idx(0)
type(Linear) guid(5000011) idx(0) --> type(Linear) guid(5000012) idx(0)
sink_node Softmax_5000013
output shape: 
input shape: 
9216/2,64/1,1/1,
[0 - 7fe51c9d0000]    4.795818 {4}{xfers}: Considering 98 possible xfers
[0 - 7fe51c9d0000]    4.799143 {4}{xfers}: Considering 98 possible xfers
[0 - 7fe51c9d0000]    4.803413 {4}{xfers}: Considering 98 possible xfers
[0 - 7fe51c9d0000]    4.806197 {4}{xfers}: Considering 98 possible xfers
[0 - 7fe51c9d0000]    4.807396 {4}{xfers}: Considering 98 possible xfers
[0 - 7fe51c9d0000]    4.807854 {4}{xfers}: Considering 98 possible xfers
[0 - 7fe51c9d0000]    4.808310 {4}{xfers}: Considering 98 possible xfers
[0 - 7fe51c9d0000]    4.809468 {4}{xfers}: Considering 98 possible xfers
[0 - 7fe51c9d0000]    4.810545 {4}{xfers}: Considering 98 possible xfers
[0 - 7fe51c9d0000]    4.811324 {4}{xfers}: Considering 98 possible xfers
[0 - 7fe51c9d0000]    4.812085 {4}{xfers}: Considering 98 possible xfers
type(Pool) guid(5000008) idx(0) --> type(Flat) guid(5000009) idx(0)
type(Conv) guid(5000007) idx(0) --> type(Pool) guid(5000008) idx(0)
type(Conv) guid(5000006) idx(0) --> type(Conv) guid(5000007) idx(0)
type(Conv) guid(5000005) idx(0) --> type(Conv) guid(5000006) idx(0)
type(Pool) guid(5000004) idx(0) --> type(Conv) guid(5000005) idx(0)
type(Conv) guid(5000003) idx(0) --> type(Pool) guid(5000004) idx(0)
type(Pool) guid(5000002) idx(0) --> type(Conv) guid(5000003) idx(0)
type(Conv) guid(5000001) idx(0) --> type(Pool) guid(5000002) idx(0)
type(Input) guid(5000014) idx(0) --> type(Conv) guid(5000001) idx(0)
sink_node Flat_5000009
output shape: 
9216/2,64/1,1/1,
input shape: 
[0 - 7fe51c9d0000]    4.818925 {4}{xfers}: Considering 98 possible xfers
[0 - 7fe51c9d0000]    4.843243 {4}{xfers}: Considering 98 possible xfers
[0 - 7fe51c9d0000]    4.869954 {4}{xfers}: Considering 98 possible xfers
[0 - 7fe51c9d0000]    4.905866 {4}{xfers}: Considering 98 possible xfers
[0 - 7fe51c9d0000]    4.937739 {4}{xfers}: Considering 98 possible xfers
[0 - 7fe51c9d0000]    4.966318 {4}{xfers}: Considering 98 possible xfers
[0 - 7fe51c9d0000]    4.986528 {4}{xfers}: Considering 98 possible xfers
[0 - 7fe51c9d0000]    5.003803 {4}{xfers}: Considering 98 possible xfers
[0 - 7fe51c9d0000]    5.015553 {4}{xfers}: Considering 98 possible xfers
[0 - 7fe51c9d0000]    5.022460 {4}{xfers}: Considering 98 possible xfers
[0 - 7fe51c9d0000]    5.023869 {4}{xfers}: Considering 98 possible xfers
[0 - 7fe51c9d0000]    5.025887 {4}{xfers}: Considering 98 possible xfers
[0 - 7fe51c9d0000]    5.027351 {4}{xfers}: Considering 98 possible xfers
[0 - 7fe51c9d0000]    5.029404 {4}{xfers}: Considering 98 possible xfers
[0 - 7fe51c9d0000]    5.035298 {4}{xfers}: Considering 98 possible xfers
[0 - 7fe51c9d0000]    5.040414 {4}{xfers}: Considering 98 possible xfers
[0 - 7fe51c9d0000]    5.043449 {4}{xfers}: Considering 98 possible xfers
[0 - 7fe51c9d0000]    5.048851 {4}{xfers}: Considering 98 possible xfers
[0 - 7fe51c9d0000]    5.051087 {4}{xfers}: Considering 98 possible xfers
[0 - 7fe51c9d0000]    5.053987 {4}{xfers}: Considering 98 possible xfers
[0 - 7fe51c9d0000]    5.055325 {4}{xfers}: Considering 98 possible xfers
[0 - 7fe51c9d0000]    5.057500 {4}{xfers}: Considering 98 possible xfers
[0 - 7fe51c9d0000]    5.059833 {4}{xfers}: Considering 98 possible xfers
[0 - 7fe51c9d0000]    5.064306 {4}{xfers}: Considering 98 possible xfers
[0 - 7fe51c9d0000]    5.067503 {4}{xfers}: Considering 98 possible xfers
[0 - 7fe51c9d0000]    5.070484 {4}{xfers}: Considering 98 possible xfers
[0 - 7fe51c9d0000]    5.074613 {4}{xfers}: Considering 98 possible xfers
[0 - 7fe51c9d0000]    5.076060 {4}{xfers}: Considering 98 possible xfers
[0 - 7fe51c9d0000]    5.078486 {4}{xfers}: Considering 98 possible xfers
[0 - 7fe51c9d0000]    5.080940 {4}{xfers}: Considering 98 possible xfers
[0 - 7fe51c9d0000]    5.083846 {4}{xfers}: Considering 98 possible xfers
[0 - 7fe51c9d0000]    5.086327 {4}{xfers}: Considering 98 possible xfers
[0 - 7fe51c9d0000]    5.089980 {4}{xfers}: Considering 98 possible xfers
[0 - 7fe51c9d0000]    5.100741 {4}{xfers}: Considering 98 possible xfers
[0 - 7fe51c9d0000]    5.109251 {4}{xfers}: Considering 98 possible xfers
[0 - 7fe51c9d0000]    5.111442 {4}{xfers}: Considering 98 possible xfers
[0 - 7fe51c9d0000]    5.114236 {4}{xfers}: Considering 98 possible xfers
[0 - 7fe51c9d0000]    5.116453 {4}{xfers}: Considering 98 possible xfers
[0 - 7fe51c9d0000]    5.119312 {4}{xfers}: Considering 98 possible xfers
[0 - 7fe51c9d0000]    5.122489 {4}{xfers}: Considering 98 possible xfers
[0 - 7fe51c9d0000]    5.126271 {4}{xfers}: Considering 98 possible xfers
[0 - 7fe51c9d0000]    5.129558 {4}{xfers}: Considering 98 possible xfers
[0 - 7fe51c9d0000]    5.137946 {4}{xfers}: Considering 98 possible xfers
[0 - 7fe51c9d0000]    5.143606 {4}{xfers}: Considering 98 possible xfers
[0 - 7fe51c9d0000]    5.147738 {4}{xfers}: Considering 98 possible xfers
[0 - 7fe51c9d0000]    5.151784 {4}{xfers}: Considering 98 possible xfers
type(Linear) guid(5000010) idx(0) --> type(Linear) guid(5000011) idx(0)
type(Flat) guid(5000009) idx(0) --> type(Linear) guid(5000010) idx(0)
type(Linear) guid(5000012) idx(0) --> type(Softmax) guid(5000013) idx(0)
type(Linear) guid(5000011) idx(0) --> type(Linear) guid(5000012) idx(0)
sink_node Softmax_5000013
output shape: 
input shape: 
9216/4,64/1,1/1,
[0 - 7fe51c9d0000]    5.315621 {4}{xfers}: Considering 98 possible xfers
[0 - 7fe51c9d0000]    5.318992 {4}{xfers}: Considering 98 possible xfers
[0 - 7fe51c9d0000]    5.323112 {4}{xfers}: Considering 98 possible xfers
[0 - 7fe51c9d0000]    5.325930 {4}{xfers}: Considering 98 possible xfers
[0 - 7fe51c9d0000]    5.327079 {4}{xfers}: Considering 98 possible xfers
[0 - 7fe51c9d0000]    5.327545 {4}{xfers}: Considering 98 possible xfers
[0 - 7fe51c9d0000]    5.328005 {4}{xfers}: Considering 98 possible xfers
[0 - 7fe51c9d0000]    5.329172 {4}{xfers}: Considering 98 possible xfers
[0 - 7fe51c9d0000]    5.330196 {4}{xfers}: Considering 98 possible xfers
[0 - 7fe51c9d0000]    5.330964 {4}{xfers}: Considering 98 possible xfers
[0 - 7fe51c9d0000]    5.331780 {4}{xfers}: Considering 98 possible xfers
type(Pool) guid(5000008) idx(0) --> type(Flat) guid(5000009) idx(0)
type(Conv) guid(5000007) idx(0) --> type(Pool) guid(5000008) idx(0)
type(Conv) guid(5000006) idx(0) --> type(Conv) guid(5000007) idx(0)
type(Conv) guid(5000005) idx(0) --> type(Conv) guid(5000006) idx(0)
type(Pool) guid(5000004) idx(0) --> type(Conv) guid(5000005) idx(0)
type(Conv) guid(5000003) idx(0) --> type(Pool) guid(5000004) idx(0)
type(Pool) guid(5000002) idx(0) --> type(Conv) guid(5000003) idx(0)
type(Conv) guid(5000001) idx(0) --> type(Pool) guid(5000002) idx(0)
type(Input) guid(5000014) idx(0) --> type(Conv) guid(5000001) idx(0)
sink_node Flat_5000009
output shape: 
9216/4,64/1,1/1,
input shape: 
[0 - 7fe51c9d0000]    5.338561 {4}{xfers}: Considering 98 possible xfers
[0 - 7fe51c9d0000]    5.363469 {4}{xfers}: Considering 98 possible xfers
[0 - 7fe51c9d0000]    5.391471 {4}{xfers}: Considering 98 possible xfers
[0 - 7fe51c9d0000]    5.428364 {4}{xfers}: Considering 98 possible xfers
[0 - 7fe51c9d0000]    5.462262 {4}{xfers}: Considering 98 possible xfers
[0 - 7fe51c9d0000]    5.493518 {4}{xfers}: Considering 98 possible xfers
[0 - 7fe51c9d0000]    5.518135 {4}{xfers}: Considering 98 possible xfers
[0 - 7fe51c9d0000]    5.536789 {4}{xfers}: Considering 98 possible xfers
[0 - 7fe51c9d0000]    5.549415 {4}{xfers}: Considering 98 possible xfers
[0 - 7fe51c9d0000]    5.556803 {4}{xfers}: Considering 98 possible xfers
[0 - 7fe51c9d0000]    5.558222 {4}{xfers}: Considering 98 possible xfers
[0 - 7fe51c9d0000]    5.559581 {4}{xfers}: Considering 98 possible xfers
[0 - 7fe51c9d0000]    5.561938 {4}{xfers}: Considering 98 possible xfers
[0 - 7fe51c9d0000]    5.564095 {4}{xfers}: Considering 98 possible xfers
[0 - 7fe51c9d0000]    5.569696 {4}{xfers}: Considering 98 possible xfers
[0 - 7fe51c9d0000]    5.571163 {4}{xfers}: Considering 98 possible xfers
[0 - 7fe51c9d0000]    5.573479 {4}{xfers}: Considering 98 possible xfers
[0 - 7fe51c9d0000]    5.579896 {4}{xfers}: Considering 98 possible xfers
[0 - 7fe51c9d0000]    5.585719 {4}{xfers}: Considering 98 possible xfers
[0 - 7fe51c9d0000]    5.587949 {4}{xfers}: Considering 98 possible xfers
[0 - 7fe51c9d0000]    5.590992 {4}{xfers}: Considering 98 possible xfers
[0 - 7fe51c9d0000]    5.595004 {4}{xfers}: Considering 98 possible xfers
[0 - 7fe51c9d0000]    5.598363 {4}{xfers}: Considering 98 possible xfers
[0 - 7fe51c9d0000]    5.600950 {4}{xfers}: Considering 98 possible xfers
[0 - 7fe51c9d0000]    5.604283 {4}{xfers}: Considering 98 possible xfers
[0 - 7fe51c9d0000]    5.608223 {4}{xfers}: Considering 98 possible xfers
[0 - 7fe51c9d0000]    5.610424 {4}{xfers}: Considering 98 possible xfers
[0 - 7fe51c9d0000]    5.613594 {4}{xfers}: Considering 98 possible xfers
[0 - 7fe51c9d0000]    5.615179 {4}{xfers}: Considering 98 possible xfers
[0 - 7fe51c9d0000]    5.617919 {4}{xfers}: Considering 98 possible xfers
[0 - 7fe51c9d0000]    5.621201 {4}{xfers}: Considering 98 possible xfers
[0 - 7fe51c9d0000]    5.623929 {4}{xfers}: Considering 98 possible xfers
[0 - 7fe51c9d0000]    5.627694 {4}{xfers}: Considering 98 possible xfers
[0 - 7fe51c9d0000]    5.638793 {4}{xfers}: Considering 98 possible xfers
[0 - 7fe51c9d0000]    5.647448 {4}{xfers}: Considering 98 possible xfers
[0 - 7fe51c9d0000]    5.649707 {4}{xfers}: Considering 98 possible xfers
[0 - 7fe51c9d0000]    5.651849 {4}{xfers}: Considering 98 possible xfers
[0 - 7fe51c9d0000]    5.654909 {4}{xfers}: Considering 98 possible xfers
[0 - 7fe51c9d0000]    5.657844 {4}{xfers}: Considering 98 possible xfers
[0 - 7fe51c9d0000]    5.661134 {4}{xfers}: Considering 98 possible xfers
[0 - 7fe51c9d0000]    5.664266 {4}{xfers}: Considering 98 possible xfers
[0 - 7fe51c9d0000]    5.668498 {4}{xfers}: Considering 98 possible xfers
[0 - 7fe51c9d0000]    5.676314 {4}{xfers}: Considering 98 possible xfers
[0 - 7fe51c9d0000]    5.682636 {4}{xfers}: Considering 98 possible xfers
[0 - 7fe51c9d0000]    5.685038 {4}{xfers}: Considering 98 possible xfers
[0 - 7fe51c9d0000]    5.689051 {4}{xfers}: Considering 98 possible xfers
type(Linear) guid(5000010) idx(0) --> type(Linear) guid(5000011) idx(0)
type(Flat) guid(5000009) idx(0) --> type(Linear) guid(5000010) idx(0)
type(Linear) guid(5000012) idx(0) --> type(Softmax) guid(5000013) idx(0)
type(Linear) guid(5000011) idx(0) --> type(Linear) guid(5000012) idx(0)
sink_node Softmax_5000013
output shape: 
input shape: 
9216/1,64/2,1/1,
[0 - 7fe51c9d0000]    5.853250 {4}{xfers}: Considering 98 possible xfers
[0 - 7fe51c9d0000]    5.856555 {4}{xfers}: Considering 98 possible xfers
[0 - 7fe51c9d0000]    5.860364 {4}{xfers}: Considering 98 possible xfers
[0 - 7fe51c9d0000]    5.862638 {4}{xfers}: Considering 98 possible xfers
[0 - 7fe51c9d0000]    5.863658 {4}{xfers}: Considering 98 possible xfers
[0 - 7fe51c9d0000]    5.864069 {4}{xfers}: Considering 98 possible xfers
[0 - 7fe51c9d0000]    5.864474 {4}{xfers}: Considering 98 possible xfers
[0 - 7fe51c9d0000]    5.865541 {4}{xfers}: Considering 98 possible xfers
[0 - 7fe51c9d0000]    5.866510 {4}{xfers}: Considering 98 possible xfers
[0 - 7fe51c9d0000]    5.867231 {4}{xfers}: Considering 98 possible xfers
type(Pool) guid(5000008) idx(0) --> type(Flat) guid(5000009) idx(0)
type(Conv) guid(5000007) idx(0) --> type(Pool) guid(5000008) idx(0)
type(Conv) guid(5000006) idx(0) --> type(Conv) guid(5000007) idx(0)
type(Conv) guid(5000005) idx(0) --> type(Conv) guid(5000006) idx(0)
type(Pool) guid(5000004) idx(0) --> type(Conv) guid(5000005) idx(0)
type(Conv) guid(5000003) idx(0) --> type(Pool) guid(5000004) idx(0)
type(Pool) guid(5000002) idx(0) --> type(Conv) guid(5000003) idx(0)
type(Conv) guid(5000001) idx(0) --> type(Pool) guid(5000002) idx(0)
type(Input) guid(5000014) idx(0) --> type(Conv) guid(5000001) idx(0)
sink_node Flat_5000009
output shape: 
9216/1,64/2,1/1,
input shape: 
[0 - 7fe51c9d0000]    5.874005 {4}{xfers}: Considering 98 possible xfers
[0 - 7fe51c9d0000]    5.898231 {4}{xfers}: Considering 98 possible xfers
[0 - 7fe51c9d0000]    5.924982 {4}{xfers}: Considering 98 possible xfers
[0 - 7fe51c9d0000]    5.960212 {4}{xfers}: Considering 98 possible xfers
[0 - 7fe51c9d0000]    5.991507 {4}{xfers}: Considering 98 possible xfers
[0 - 7fe51c9d0000]    6.020714 {4}{xfers}: Considering 98 possible xfers
[0 - 7fe51c9d0000]    6.041725 {4}{xfers}: Considering 98 possible xfers
[0 - 7fe51c9d0000]    6.059375 {4}{xfers}: Considering 98 possible xfers
[0 - 7fe51c9d0000]    6.071491 {4}{xfers}: Considering 98 possible xfers
[0 - 7fe51c9d0000]    6.078478 {4}{xfers}: Considering 98 possible xfers
[0 - 7fe51c9d0000]    6.079879 {4}{xfers}: Considering 98 possible xfers
[0 - 7fe51c9d0000]    6.081808 {4}{xfers}: Considering 98 possible xfers
[0 - 7fe51c9d0000]    6.083238 {4}{xfers}: Considering 98 possible xfers
[0 - 7fe51c9d0000]    6.085391 {4}{xfers}: Considering 98 possible xfers
[0 - 7fe51c9d0000]    6.091093 {4}{xfers}: Considering 98 possible xfers
[0 - 7fe51c9d0000]    6.095091 {4}{xfers}: Considering 98 possible xfers
[0 - 7fe51c9d0000]    6.097276 {4}{xfers}: Considering 98 possible xfers
[0 - 7fe51c9d0000]    6.101118 {4}{xfers}: Considering 98 possible xfers
[0 - 7fe51c9d0000]    6.106255 {4}{xfers}: Considering 98 possible xfers
[0 - 7fe51c9d0000]    6.110655 {4}{xfers}: Considering 98 possible xfers
[0 - 7fe51c9d0000]    6.112216 {4}{xfers}: Considering 98 possible xfers
[0 - 7fe51c9d0000]    6.114525 {4}{xfers}: Considering 98 possible xfers
[0 - 7fe51c9d0000]    6.117650 {4}{xfers}: Considering 98 possible xfers
[0 - 7fe51c9d0000]    6.120095 {4}{xfers}: Considering 98 possible xfers
[0 - 7fe51c9d0000]    6.123906 {4}{xfers}: Considering 98 possible xfers
[0 - 7fe51c9d0000]    6.125451 {4}{xfers}: Considering 98 possible xfers
[0 - 7fe51c9d0000]    6.128596 {4}{xfers}: Considering 98 possible xfers
[0 - 7fe51c9d0000]    6.130974 {4}{xfers}: Considering 98 possible xfers
[0 - 7fe51c9d0000]    6.133402 {4}{xfers}: Considering 98 possible xfers
[0 - 7fe51c9d0000]    6.136418 {4}{xfers}: Considering 98 possible xfers
[0 - 7fe51c9d0000]    6.139666 {4}{xfers}: Considering 98 possible xfers
[0 - 7fe51c9d0000]    6.142356 {4}{xfers}: Considering 98 possible xfers
[0 - 7fe51c9d0000]    6.144916 {4}{xfers}: Considering 98 possible xfers
[0 - 7fe51c9d0000]    6.153756 {4}{xfers}: Considering 98 possible xfers
[0 - 7fe51c9d0000]    6.161734 {4}{xfers}: Considering 98 possible xfers
[0 - 7fe51c9d0000]    6.163808 {4}{xfers}: Considering 98 possible xfers
[0 - 7fe51c9d0000]    6.166427 {4}{xfers}: Considering 98 possible xfers
[0 - 7fe51c9d0000]    6.169448 {4}{xfers}: Considering 98 possible xfers
[0 - 7fe51c9d0000]    6.173019 {4}{xfers}: Considering 98 possible xfers
[0 - 7fe51c9d0000]    6.175383 {4}{xfers}: Considering 98 possible xfers
type(Linear) guid(5000010) idx(0) --> type(Linear) guid(5000011) idx(0)
type(Flat) guid(5000009) idx(0) --> type(Linear) guid(5000010) idx(0)
type(Linear) guid(5000012) idx(0) --> type(Softmax) guid(5000013) idx(0)
type(Linear) guid(5000011) idx(0) --> type(Linear) guid(5000012) idx(0)
sink_node Softmax_5000013
output shape: 
input shape: 
9216/2,64/2,1/1,
[0 - 7fe51c9d0000]    6.338925 {4}{xfers}: Considering 98 possible xfers
type(Pool) guid(5000008) idx(0) --> type(Flat) guid(5000009) idx(0)
type(Conv) guid(5000007) idx(0) --> type(Pool) guid(5000008) idx(0)
type(Conv) guid(5000006) idx(0) --> type(Conv) guid(5000007) idx(0)
type(Conv) guid(5000005) idx(0) --> type(Conv) guid(5000006) idx(0)
type(Pool) guid(5000004) idx(0) --> type(Conv) guid(5000005) idx(0)
type(Conv) guid(5000003) idx(0) --> type(Pool) guid(5000004) idx(0)
type(Pool) guid(5000002) idx(0) --> type(Conv) guid(5000003) idx(0)
type(Conv) guid(5000001) idx(0) --> type(Pool) guid(5000002) idx(0)
type(Input) guid(5000014) idx(0) --> type(Conv) guid(5000001) idx(0)
sink_node Flat_5000009
output shape: 
9216/2,64/2,1/1,
input shape: 
[0 - 7fe51c9d0000]    6.340706 {4}{xfers}: Considering 98 possible xfers
type(Linear) guid(5000010) idx(0) --> type(Linear) guid(5000011) idx(0)
type(Flat) guid(5000009) idx(0) --> type(Linear) guid(5000010) idx(0)
type(Linear) guid(5000012) idx(0) --> type(Softmax) guid(5000013) idx(0)
type(Linear) guid(5000011) idx(0) --> type(Linear) guid(5000012) idx(0)
sink_node Softmax_5000013
output shape: 
input shape: 
9216/1,64/4,1/1,
[0 - 7fe51c9d0000]    6.344497 {4}{xfers}: Considering 98 possible xfers
[0 - 7fe51c9d0000]    6.347658 {4}{xfers}: Considering 98 possible xfers
[0 - 7fe51c9d0000]    6.350523 {4}{xfers}: Considering 98 possible xfers
[0 - 7fe51c9d0000]    6.352428 {4}{xfers}: Considering 98 possible xfers
[0 - 7fe51c9d0000]    6.353212 {4}{xfers}: Considering 98 possible xfers
[0 - 7fe51c9d0000]    6.353555 {4}{xfers}: Considering 98 possible xfers
[0 - 7fe51c9d0000]    6.353901 {4}{xfers}: Considering 98 possible xfers
[0 - 7fe51c9d0000]    6.354744 {4}{xfers}: Considering 98 possible xfers
[0 - 7fe51c9d0000]    6.355536 {4}{xfers}: Considering 98 possible xfers
[0 - 7fe51c9d0000]    6.356099 {4}{xfers}: Considering 98 possible xfers
type(Pool) guid(5000008) idx(0) --> type(Flat) guid(5000009) idx(0)
type(Conv) guid(5000007) idx(0) --> type(Pool) guid(5000008) idx(0)
type(Conv) guid(5000006) idx(0) --> type(Conv) guid(5000007) idx(0)
type(Conv) guid(5000005) idx(0) --> type(Conv) guid(5000006) idx(0)
type(Pool) guid(5000004) idx(0) --> type(Conv) guid(5000005) idx(0)
type(Conv) guid(5000003) idx(0) --> type(Pool) guid(5000004) idx(0)
type(Pool) guid(5000002) idx(0) --> type(Conv) guid(5000003) idx(0)
type(Conv) guid(5000001) idx(0) --> type(Pool) guid(5000002) idx(0)
type(Input) guid(5000014) idx(0) --> type(Conv) guid(5000001) idx(0)
sink_node Flat_5000009
output shape: 
9216/1,64/4,1/1,
input shape: 
[0 - 7fe51c9d0000]    6.362112 {4}{xfers}: Considering 98 possible xfers
[0 - 7fe51c9d0000]    6.386612 {4}{xfers}: Considering 98 possible xfers
[0 - 7fe51c9d0000]    6.414154 {4}{xfers}: Considering 98 possible xfers
[0 - 7fe51c9d0000]    6.449461 {4}{xfers}: Considering 98 possible xfers
[0 - 7fe51c9d0000]    6.481856 {4}{xfers}: Considering 98 possible xfers
[0 - 7fe51c9d0000]    6.511702 {4}{xfers}: Considering 98 possible xfers
[0 - 7fe51c9d0000]    6.532569 {4}{xfers}: Considering 98 possible xfers
[0 - 7fe51c9d0000]    6.550474 {4}{xfers}: Considering 98 possible xfers
[0 - 7fe51c9d0000]    6.562690 {4}{xfers}: Considering 98 possible xfers
[0 - 7fe51c9d0000]    6.569661 {4}{xfers}: Considering 98 possible xfers
[0 - 7fe51c9d0000]    6.571059 {4}{xfers}: Considering 98 possible xfers
[0 - 7fe51c9d0000]    6.573072 {4}{xfers}: Considering 98 possible xfers
[0 - 7fe51c9d0000]    6.574513 {4}{xfers}: Considering 98 possible xfers
[0 - 7fe51c9d0000]    6.576666 {4}{xfers}: Considering 98 possible xfers
[0 - 7fe51c9d0000]    6.581703 {4}{xfers}: Considering 98 possible xfers
[0 - 7fe51c9d0000]    6.583900 {4}{xfers}: Considering 98 possible xfers
[0 - 7fe51c9d0000]    6.590464 {4}{xfers}: Considering 98 possible xfers
[0 - 7fe51c9d0000]    6.593120 {4}{xfers}: Considering 98 possible xfers
[0 - 7fe51c9d0000]    6.598159 {4}{xfers}: Considering 98 possible xfers
[0 - 7fe51c9d0000]    6.602291 {4}{xfers}: Considering 98 possible xfers
[0 - 7fe51c9d0000]    6.603822 {4}{xfers}: Considering 98 possible xfers
[0 - 7fe51c9d0000]    6.605205 {4}{xfers}: Considering 98 possible xfers
[0 - 7fe51c9d0000]    6.608313 {4}{xfers}: Considering 98 possible xfers
[0 - 7fe51c9d0000]    6.610747 {4}{xfers}: Considering 98 possible xfers
[0 - 7fe51c9d0000]    6.614563 {4}{xfers}: Considering 98 possible xfers
[0 - 7fe51c9d0000]    6.617086 {4}{xfers}: Considering 98 possible xfers
[0 - 7fe51c9d0000]    6.620274 {4}{xfers}: Considering 98 possible xfers
[0 - 7fe51c9d0000]    6.622700 {4}{xfers}: Considering 98 possible xfers
[0 - 7fe51c9d0000]    6.625184 {4}{xfers}: Considering 98 possible xfers
[0 - 7fe51c9d0000]    6.627482 {4}{xfers}: Considering 98 possible xfers
[0 - 7fe51c9d0000]    6.630789 {4}{xfers}: Considering 98 possible xfers
[0 - 7fe51c9d0000]    6.633581 {4}{xfers}: Considering 98 possible xfers
type(Linear) guid(5000010) idx(0) --> type(Linear) guid(5000011) idx(0)
type(Flat) guid(5000009) idx(0) --> type(Linear) guid(5000010) idx(0)
type(Linear) guid(5000012) idx(0) --> type(Softmax) guid(5000013) idx(0)
type(Linear) guid(5000011) idx(0) --> type(Linear) guid(5000012) idx(0)
sink_node Softmax_5000013
output shape: 
input shape: 
9216/1,64/4,1/1,
[0 - 7fe51c9d0000]    6.797756 {4}{xfers}: Considering 98 possible xfers
[0 - 7fe51c9d0000]    6.800246 {4}{xfers}: Considering 98 possible xfers
[0 - 7fe51c9d0000]    6.802828 {4}{xfers}: Considering 98 possible xfers
[0 - 7fe51c9d0000]    6.804555 {4}{xfers}: Considering 98 possible xfers
[0 - 7fe51c9d0000]    6.805336 {4}{xfers}: Considering 98 possible xfers
[0 - 7fe51c9d0000]    6.805687 {4}{xfers}: Considering 98 possible xfers
[0 - 7fe51c9d0000]    6.806039 {4}{xfers}: Considering 98 possible xfers
[0 - 7fe51c9d0000]    6.806827 {4}{xfers}: Considering 98 possible xfers
[0 - 7fe51c9d0000]    6.807567 {4}{xfers}: Considering 98 possible xfers
[0 - 7fe51c9d0000]    6.808105 {4}{xfers}: Considering 98 possible xfers
type(Pool) guid(5000008) idx(0) --> type(Flat) guid(5000009) idx(0)
type(Conv) guid(5000007) idx(0) --> type(Pool) guid(5000008) idx(0)
type(Conv) guid(5000006) idx(0) --> type(Conv) guid(5000007) idx(0)
type(Conv) guid(5000005) idx(0) --> type(Conv) guid(5000006) idx(0)
type(Pool) guid(5000004) idx(0) --> type(Conv) guid(5000005) idx(0)
type(Conv) guid(5000003) idx(0) --> type(Pool) guid(5000004) idx(0)
type(Pool) guid(5000002) idx(0) --> type(Conv) guid(5000003) idx(0)
type(Conv) guid(5000001) idx(0) --> type(Pool) guid(5000002) idx(0)
type(Input) guid(5000014) idx(0) --> type(Conv) guid(5000001) idx(0)
sink_node Flat_5000009
output shape: 
9216/1,64/4,1/1,
input shape: 
[0 - 7fe51c9d0000]    6.816003 {4}{xfers}: Considering 98 possible xfers
[0 - 7fe51c9d0000]    6.828492 {4}{xfers}: Considering 98 possible xfers
[0 - 7fe51c9d0000]    6.847178 {4}{xfers}: Considering 98 possible xfers
[0 - 7fe51c9d0000]    6.866980 {4}{xfers}: Considering 98 possible xfers
[0 - 7fe51c9d0000]    6.886428 {4}{xfers}: Considering 98 possible xfers
[0 - 7fe51c9d0000]    6.904779 {4}{xfers}: Considering 98 possible xfers
[0 - 7fe51c9d0000]    6.920147 {4}{xfers}: Considering 98 possible xfers
[0 - 7fe51c9d0000]    6.933033 {4}{xfers}: Considering 98 possible xfers
[0 - 7fe51c9d0000]    6.942615 {4}{xfers}: Considering 98 possible xfers
[0 - 7fe51c9d0000]    6.948169 {4}{xfers}: Considering 98 possible xfers
[0 - 7fe51c9d0000]    6.949584 {4}{xfers}: Considering 98 possible xfers
[0 - 7fe51c9d0000]    6.951101 {4}{xfers}: Considering 98 possible xfers
[0 - 7fe51c9d0000]    6.952559 {4}{xfers}: Considering 98 possible xfers
[0 - 7fe51c9d0000]    6.954061 {4}{xfers}: Considering 98 possible xfers
[0 - 7fe51c9d0000]    6.957592 {4}{xfers}: Considering 98 possible xfers
[0 - 7fe51c9d0000]    6.959248 {4}{xfers}: Considering 98 possible xfers
[0 - 7fe51c9d0000]    6.962844 {4}{xfers}: Considering 98 possible xfers
[0 - 7fe51c9d0000]    6.964579 {4}{xfers}: Considering 98 possible xfers
[0 - 7fe51c9d0000]    6.968013 {4}{xfers}: Considering 98 possible xfers
[0 - 7fe51c9d0000]    6.971064 {4}{xfers}: Considering 98 possible xfers
[0 - 7fe51c9d0000]    6.972603 {4}{xfers}: Considering 98 possible xfers
[0 - 7fe51c9d0000]    6.973998 {4}{xfers}: Considering 98 possible xfers
[0 - 7fe51c9d0000]    6.976463 {4}{xfers}: Considering 98 possible xfers
[0 - 7fe51c9d0000]    6.978251 {4}{xfers}: Considering 98 possible xfers
[0 - 7fe51c9d0000]    6.980921 {4}{xfers}: Considering 98 possible xfers
[0 - 7fe51c9d0000]    6.982709 {4}{xfers}: Considering 98 possible xfers
[0 - 7fe51c9d0000]    6.984598 {4}{xfers}: Considering 98 possible xfers
[0 - 7fe51c9d0000]    6.986225 {4}{xfers}: Considering 98 possible xfers
[0 - 7fe51c9d0000]    6.987985 {4}{xfers}: Considering 98 possible xfers
[0 - 7fe51c9d0000]    6.989674 {4}{xfers}: Considering 98 possible xfers
[0 - 7fe51c9d0000]    6.991796 {4}{xfers}: Considering 98 possible xfers
[0 - 7fe51c9d0000]    6.993911 {4}{xfers}: Considering 98 possible xfers
Optimal cost: 10.0201
digraph taskgraph {
  node0 [label="{ Conv_5006638 | 5006638 | { 4 } | { 0 | 1 | 2 | 3 } }",shape=record];
  node1 -> node0;
  node2 [label="{ Conv_5006928 | 5006928 | { 4 } | { 0 | 1 | 2 | 3 } }",shape=record];
  node3 -> node2;
  node4 [label=Input_5000000];
  node5 [label="{ Flat_5007178 | 5007178 | { 4 } | { 0 | 1 | 2 | 3 } }",shape=record];
  node6 -> node5;
  node6 [label="{ Pool_5007156 | 5007156 | { 4 } | { 0 | 1 | 2 | 3 } }",shape=record];
  node2 -> node6;
  node7 [label="{ Pool_5007123 | 5007123 | { 4 } | { 0 | 1 | 2 | 3 } }",shape=record];
  node8 -> node7;
  node9 [label="{ Linear_5006447 | 5006447 | { 4 } | { 0 | 1 | 2 | 3 } }",shape=record];
  node5 -> node9;
  node8 [label="{ Conv_5007067 | 5007067 | { 4 } | { 0 | 1 | 2 | 3 } }",shape=record];
  node10 -> node8;
  node11 [label="{ Linear_5006498 | 5006498 | { 4 } | { 0 | 1 | 2 | 3 } }",shape=record];
  node12 -> node11;
  node13 [label="{ Softmax_5006509 | 5006509 | { 4 } | { 0 | 1 | 2 | 3 } }",shape=record];
  node11 -> node13;
  node14 [label="{ Conv_5006839 | 5006839 | { 4 } | { 0 | 1 | 2 | 3 } }",shape=record];
  node7 -> node14;
  node12 [label="{ Linear_5006477 | 5006477 | { 4 } | { 0 | 1 | 2 | 3 } }",shape=record];
  node9 -> node12;
  node3 [label="{ Conv_5006738 | 5006738 | { 4 } | { 0 | 1 | 2 | 3 } }",shape=record];
  node14 -> node3;
  node10 [label="{ Pool_5007024 | 5007024 | { 4 } | { 0 | 1 | 2 | 3 } }",shape=record];
  node0 -> node10;
  node1 [label="{ Partition_5006637 | 5006637 | { 3 | 4 } | { 0 | 1 | 2 | 3 } }",shape=record];
  node4 -> node1;
}alexnet: /mnt/FlexFlow/src/mapper/mapper.cc:479: virtual void FlexFlow::FFMapper::slice_task(Legion::Mapping::MapperContext, const Legion::Task&, const Legion::Mapping::Mapper::SliceTaskInput&, Legion::Mapping::Mapper::SliceTaskOutput&): Assertion `(size_t)idx < devices->size()' failed.
